

-----------------------------------
New Analysis started.
Date and time: 23/01/2017 12:28:01
New results follow.
-----------------------------------

RSiena version 1.1-304 (14 Oct 16) R-forge revision: 304 


@1
Estimation by stochastic approximation algorithm.
=================================================

Random initialization of random number stream.
Current random number seed is 704498.
Effects object used: myeff 
Model Type 1: Standard actor-oriented model
Estimation method: conditional moment estimation
Conditioning variable is the total number of observed changes ("distance") 
in the network variable.
Distances for simulations are
period   :   1   2
distance :  115 106.
Standard errors are estimated with the likelihood ratio method.
Dolby method (regression on scores) is used.
Initial value of gain parameter is  0.2000000.
Reduction factor for gain parameter is  0.5000000.
Number of subphases in Phase 2 is 4.

Initial parameter values are 
  0.1  Rate parameter                         4.6960
  0.2  Rate parameter                         4.3288
  1. eval:  outdegree (density)                            -1.4677
  2. eval:  reciprocity                                     0.0000
  3. eval:  transitive triplets                             0.0000
  4. eval:  3-cycles                                        0.0000


Observed values of target statistics are
  1. Number of ties                                                     238.0000
  2. Number of reciprocated ties                                        160.0000
  3. Number of transitive triplets                                      225.0000
  4. 3-cycles                                                            72.0000

 4 parameters, 4 statistics

Estimation of derivatives by the LR method (type 1).


@2
End of stochastic approximation algorithm, phase 3.
---------------------------------------------------

Total of 1769 iterations.
Parameter estimates based on 769 iterations,
basic rate parameters as well as 
convergence diagnostics, covariance and derivative matrices based on 1000 iterations.

Information for convergence diagnosis.
Averages, standard deviations, and t-ratios for deviations from targets:
  1.   1.4300  22.2739   0.0642 
  2.   0.8020  20.6373   0.0389 
  3.   3.1460  69.6375   0.0452 
  4.   0.8890  22.5224   0.0395 

Good convergence is indicated by the t-ratios being close to zero.

Overall maximum convergence ratio =  0.0899 .



@2
Estimation Results.
-------------------

Regular end of estimation algorithm.
Total of 1769 iteration steps.


@3
Estimates and standard errors
                             
Rate parameters:
 0.1  Rate parameter period 1     6.3715  (   1.1224)
 0.2  Rate parameter period 2     5.2267  (   0.8749)

Other parameters:
 1. eval:  outdegree (density)                                    -2.6881  (   0.1197)
 2. eval:  reciprocity                                             2.4727  (   0.2224)
 3. eval:  transitive triplets                                     0.6642  (   0.1441)
 4. eval:  3-cycles                                               -0.0905  (   0.2838)


@3
Covariance matrices
                   
Covariance matrix of estimates (correlations below diagonal):
     0.014     -0.018     -0.009      0.011
    -0.659      0.049      0.011     -0.029
    -0.525      0.354      0.021     -0.035
     0.326     -0.464     -0.849      0.081

Derivative matrix of expected statistics X by parameters and
covariance/correlation matrix of X can be found using
summary(ans) within R, or by using the 'verbose' option in Siena07.
 
Total computation time 24.08 seconds.


-----------------------------------
New Analysis started.
Date and time: 23/01/2017 12:31:32
New results follow.
-----------------------------------

RSiena version 1.1-304 (14 Oct 16) R-forge revision: 304 


@1
Estimation by stochastic approximation algorithm.
=================================================

Random initialization of random number stream.
Current random number seed is 366303.
Effects object used: myeff 
Model Type 1: Standard actor-oriented model
Estimation method: conditional moment estimation
Conditioning variable is the total number of observed changes ("distance") 
in the network variable.
Distances for simulations are
period   :   1   2
distance :  115 106.
Standard errors are estimated with the likelihood ratio method.
Dolby method (regression on scores) is used.
Initial value of gain parameter is  0.2000000.
Reduction factor for gain parameter is  0.5000000.
Number of subphases in Phase 2 is 4.

Initial parameter values are 
  0.1  Rate parameter                         4.6960
  0.2  Rate parameter                         4.3288
  1. eval:  outdegree (density)                            -1.4677
  2. eval:  reciprocity                                     0.0000
  3. eval:  transitive triplets                             0.0000
  4. eval:  3-cycles                                        0.0000


Observed values of target statistics are
  1. Number of ties                                                     238.0000
  2. Number of reciprocated ties                                        160.0000
  3. Number of transitive triplets                                      225.0000
  4. 3-cycles                                                            72.0000

 4 parameters, 4 statistics

Estimation of derivatives by the LR method (type 1).


@2
End of stochastic approximation algorithm, phase 3.
---------------------------------------------------

Total of 1749 iterations.
Parameter estimates based on 749 iterations,
basic rate parameters as well as 
convergence diagnostics, covariance and derivative matrices based on 1000 iterations.

Information for convergence diagnosis.
Averages, standard deviations, and t-ratios for deviations from targets:
  1.   1.2740  22.0191   0.0579 
  2.   1.7820  20.5690   0.0866 
  3.   2.6570  65.0679   0.0408 
  4.   0.9110  21.2593   0.0429 

Good convergence is indicated by the t-ratios being close to zero.

Overall maximum convergence ratio =  0.1181 .



@2
Estimation Results.
-------------------

Regular end of estimation algorithm.
Total of 1749 iteration steps.


@3
Estimates and standard errors
                             
Rate parameters:
 0.1  Rate parameter period 1     6.4391  (   1.1284)
 0.2  Rate parameter period 2     5.2167  (   0.8559)

Other parameters:
 1. eval:  outdegree (density)                                    -2.7037  (   0.1290)
 2. eval:  reciprocity                                             2.5035  (   0.2195)
 3. eval:  transitive triplets                                     0.6797  (   0.1480)
 4. eval:  3-cycles                                               -0.1181  (   0.3007)


@3
Covariance matrices
                   
Covariance matrix of estimates (correlations below diagonal):
     0.017     -0.019     -0.009      0.010
    -0.668      0.048      0.012     -0.028
    -0.479      0.363      0.022     -0.039
     0.268     -0.426     -0.869      0.090

Derivative matrix of expected statistics X by parameters and
covariance/correlation matrix of X can be found using
summary(ans) within R, or by using the 'verbose' option in Siena07.
 
Total computation time 22.91 seconds.


-----------------------------------
New Analysis started.
Date and time: 23/01/2017 12:38:05
New results follow.
-----------------------------------

RSiena version 1.1-304 (14 Oct 16) R-forge revision: 304 


@1
Estimation by stochastic approximation algorithm.
=================================================

Random initialization of random number stream.
Current random number seed is 648910.
Effects object used: myeff 
Model Type 1: Standard actor-oriented model
Estimation method: conditional moment estimation
Conditioning variable is the total number of observed changes ("distance") 
in the network variable.
Distances for simulations are
period   :   1   2
distance :  115 106.
Standard errors are estimated with the likelihood ratio method.
Dolby method (regression on scores) is used.
Initial value of gain parameter is  0.2000000.
Reduction factor for gain parameter is  0.5000000.
Number of subphases in Phase 2 is 4.

Initial parameter values are 
  0.1  Rate parameter                         4.6960
  0.2  Rate parameter                         4.3288
  1. eval:  outdegree (density)                            -1.4677
  2. eval:  reciprocity                                     0.0000
  3. eval:  transitive triplets                             0.0000
  4. eval:  3-cycles                                        0.0000


Observed values of target statistics are
  1. Number of ties                                                     238.0000
  2. Number of reciprocated ties                                        160.0000
  3. Number of transitive triplets                                      225.0000
  4. 3-cycles                                                            72.0000

 4 parameters, 4 statistics

Estimation of derivatives by the LR method (type 1).


@2
End of stochastic approximation algorithm, phase 3.
---------------------------------------------------

Total of 1789 iterations.
Parameter estimates based on 789 iterations,
basic rate parameters as well as 
convergence diagnostics, covariance and derivative matrices based on 1000 iterations.

Information for convergence diagnosis.
Averages, standard deviations, and t-ratios for deviations from targets:
  1.   0.5660  21.9694   0.0258 
  2.   0.8140  20.5988   0.0395 
  3.   3.3160  66.0527   0.0502 
  4.   1.2190  21.3465   0.0571 

Good convergence is indicated by the t-ratios being close to zero.

Overall maximum convergence ratio =  0.0832 .



@2
Estimation Results.
-------------------

Regular end of estimation algorithm.
Total of 1789 iteration steps.


@3
Estimates and standard errors
                             
Rate parameters:
 0.1  Rate parameter period 1     6.4336  (   1.1253)
 0.2  Rate parameter period 2     5.2374  (   0.8652)

Other parameters:
 1. eval:  outdegree (density)                                    -2.7015  (   0.1384)
 2. eval:  reciprocity                                             2.4907  (   0.2356)
 3. eval:  transitive triplets                                     0.6694  (   0.1426)
 4. eval:  3-cycles                                               -0.0887  (   0.2941)


@3
Covariance matrices
                   
Covariance matrix of estimates (correlations below diagonal):
     0.019     -0.024     -0.009      0.012
    -0.724      0.056      0.012     -0.031
    -0.461      0.369      0.020     -0.036
     0.288     -0.447     -0.867      0.086

Derivative matrix of expected statistics X by parameters and
covariance/correlation matrix of X can be found using
summary(ans) within R, or by using the 'verbose' option in Siena07.
 
Total computation time 22.66 seconds.


-----------------------------------
New Analysis started.
Date and time: 24/01/2017 12:28:34
New results follow.
-----------------------------------

RSiena version 1.1-304 (14 Oct 16) R-forge revision: 304 


@1
Estimation by stochastic approximation algorithm.
=================================================

Random initialization of random number stream.
Current random number seed is 54861.
Effects object used: myeffnull 
Model Type 1: Standard actor-oriented model
Estimation method: conditional moment estimation
Conditioning variable is the total number of observed changes ("distance") 
in the network variable.
Distances for simulations are
period   :   1   2
distance :  115 106.
Standard errors are estimated with the likelihood ratio method.
Dolby method (regression on scores) is used.
Initial value of gain parameter is  0.2000000.
Reduction factor for gain parameter is  0.5000000.
Number of subphases in Phase 2 is 4.

Initial parameter values are 
  0.1  Rate parameter                         4.6960
  0.2  Rate parameter                         4.3288
  1. eval:  outdegree (density)                            -1.4677
  2. eval:  reciprocity                                     0.0000


Observed values of target statistics are
  1. Number of ties                                                     238.0000
  2. Number of reciprocated ties                                        160.0000

 2 parameters, 2 statistics

Estimation of derivatives by the LR method (type 1).


@2
End of stochastic approximation algorithm, phase 3.
---------------------------------------------------

Total of 2412 iterations.
Parameter estimates based on 1412 iterations,
basic rate parameters as well as 
convergence diagnostics, covariance and derivative matrices based on 1000 iterations.

Information for convergence diagnosis.
Averages, standard deviations, and t-ratios for deviations from targets:
  1.   0.3620  13.9816   0.0259 
  2.  -0.1700  14.0053  -0.0121 

Good convergence is indicated by the t-ratios being close to zero.

Overall maximum convergence ratio =  0.0685 .



@2
Estimation Results.
-------------------

Regular end of estimation algorithm.
Total of 2412 iteration steps.


@3
Estimates and standard errors
                             
Rate parameters:
 0.1  Rate parameter period 1     5.7713  (   0.8924)
 0.2  Rate parameter period 2     4.5178  (   0.7169)

Other parameters:
 1. eval:  outdegree (density)                                    -2.3781  (   0.1052)
 2. eval:  reciprocity                                             2.8504  (   0.1755)


@3
Covariance matrices
                   
Covariance matrix of estimates (correlations below diagonal):
     0.011     -0.014
    -0.739      0.031

Derivative matrix of expected statistics X by parameters and
covariance/correlation matrix of X can be found using
summary(ans) within R, or by using the 'verbose' option in Siena07.
 
Total computation time 34.73 seconds.


-----------------------------------
New Analysis started.
Date and time: 24/01/2017 12:29:10
New results follow.
-----------------------------------

RSiena version 1.1-304 (14 Oct 16) R-forge revision: 304 


@1
Estimation by stochastic approximation algorithm.
=================================================

Random initialization of random number stream.
Current random number seed is 331756.
Effects object used: myeff1addl 
Model Type 1: Standard actor-oriented model
Estimation method: conditional moment estimation
Conditioning variable is the total number of observed changes ("distance") 
in the network variable.
Distances for simulations are
period   :   1   2
distance :  115 106.
Standard errors are estimated with the likelihood ratio method.
Dolby method (regression on scores) is used.
Initial value of gain parameter is  0.2000000.
Reduction factor for gain parameter is  0.5000000.
Number of subphases in Phase 2 is 4.

Initial parameter values are 
  0.1  Rate parameter                         4.6960
  0.2  Rate parameter                         4.3288
  1. eval:  outdegree (density)                            -1.4677
  2. eval:  reciprocity                                     0.0000
  3. eval:  transitive triplets                             0.0000
  4. eval:  3-cycles                                        0.0000


Observed values of target statistics are
  1. Number of ties                                                     238.0000
  2. Number of reciprocated ties                                        160.0000
  3. Number of transitive triplets                                      225.0000
  4. 3-cycles                                                            72.0000

 4 parameters, 4 statistics

Estimation of derivatives by the LR method (type 1).


@2
End of stochastic approximation algorithm, phase 3.
---------------------------------------------------

Total of 1765 iterations.
Parameter estimates based on 765 iterations,
basic rate parameters as well as 
convergence diagnostics, covariance and derivative matrices based on 1000 iterations.

Information for convergence diagnosis.
Averages, standard deviations, and t-ratios for deviations from targets:
  1.   0.3040  21.6827   0.0140 
  2.  -0.5620  19.4779  -0.0289 
  3.  -1.9100  64.1075  -0.0298 
  4.  -0.8510  20.7590  -0.0410 

Good convergence is indicated by the t-ratios being close to zero.

Overall maximum convergence ratio =  0.1308 .



@2
Estimation Results.
-------------------

Regular end of estimation algorithm.
Total of 1765 iteration steps.


@3
Estimates and standard errors
                             
Rate parameters:
 0.1  Rate parameter period 1     6.4017  (   1.0477)
 0.2  Rate parameter period 2     5.2119  (   0.8511)

Other parameters:
 1. eval:  outdegree (density)                                    -2.6861  (   0.1140)
 2. eval:  reciprocity                                             2.4797  (   0.2189)
 3. eval:  transitive triplets                                     0.6768  (   0.1502)
 4. eval:  3-cycles                                               -0.1204  (   0.3029)


@3
Covariance matrices
                   
Covariance matrix of estimates (correlations below diagonal):
     0.013     -0.016     -0.008      0.010
    -0.644      0.048      0.011     -0.030
    -0.440      0.326      0.023     -0.040
     0.280     -0.455     -0.881      0.092

Derivative matrix of expected statistics X by parameters and
covariance/correlation matrix of X can be found using
summary(ans) within R, or by using the 'verbose' option in Siena07.
 
Total computation time 28.13 seconds.


-----------------------------------
New Analysis started.
Date and time: 24/01/2017 12:29:39
New results follow.
-----------------------------------

RSiena version 1.1-304 (14 Oct 16) R-forge revision: 304 


@1
Estimation by stochastic approximation algorithm.
=================================================

Random initialization of random number stream.
Current random number seed is 746919.
Effects object used: myeff2addl 
Model Type 1: Standard actor-oriented model
Estimation method: conditional moment estimation
Conditioning variable is the total number of observed changes ("distance") 
in the network variable.
Distances for simulations are
period   :   1   2
distance :  115 106.
Standard errors are estimated with the likelihood ratio method.
Dolby method (regression on scores) is used.
Initial value of gain parameter is  0.2000000.
Reduction factor for gain parameter is  0.5000000.
Number of subphases in Phase 2 is 4.

Initial parameter values are 
  0.1  Rate parameter                         4.6960
  0.2  Rate parameter                         4.3288
  1. eval:  outdegree (density)                            -1.4677
  2. eval:  reciprocity                                     0.0000
  3. eval:  transitive triplets                             0.0000
  4. eval:  3-cycles                                        0.0000


Observed values of target statistics are
  1. Number of ties                                                     238.0000
  2. Number of reciprocated ties                                        160.0000
  3. Number of transitive triplets                                      225.0000
  4. 3-cycles                                                            72.0000

 4 parameters, 4 statistics

Estimation of derivatives by the LR method (type 1).


@2
End of stochastic approximation algorithm, phase 3.
---------------------------------------------------

Total of 1913 iterations.
Parameter estimates based on 913 iterations,
basic rate parameters as well as 
convergence diagnostics, covariance and derivative matrices based on 1000 iterations.

Information for convergence diagnosis.
Averages, standard deviations, and t-ratios for deviations from targets:
  1.  -0.1260  21.7669  -0.0058 
  2.   0.3540  20.4582   0.0173 
  3.   2.2040  67.8377   0.0325 
  4.   0.9240  22.1635   0.0417 

Good convergence is indicated by the t-ratios being close to zero.

Overall maximum convergence ratio =  0.1011 .



@2
Estimation Results.
-------------------

Regular end of estimation algorithm.
Total of 1913 iteration steps.


@3
Estimates and standard errors
                             
Rate parameters:
 0.1  Rate parameter period 1     6.4883  (   1.1073)
 0.2  Rate parameter period 2     5.2135  (   0.8983)

Other parameters:
 1. eval:  outdegree (density)                                    -2.6980  (   0.1202)
 2. eval:  reciprocity                                             2.4895  (   0.2179)
 3. eval:  transitive triplets                                     0.6697  (   0.1317)
 4. eval:  3-cycles                                               -0.0946  (   0.2662)


@3
Covariance matrices
                   
Covariance matrix of estimates (correlations below diagonal):
     0.014     -0.018     -0.007      0.008
    -0.681      0.047      0.009     -0.025
    -0.444      0.317      0.017     -0.030
     0.264     -0.430     -0.846      0.071

Derivative matrix of expected statistics X by parameters and
covariance/correlation matrix of X can be found using
summary(ans) within R, or by using the 'verbose' option in Siena07.
 
Total computation time 26.26 seconds.


-----------------------------------
New Analysis started.
Date and time: 24/01/2017 15:57:04
New results follow.
-----------------------------------

RSiena version 1.1-304 (14 Oct 16) R-forge revision: 304 


@1
Estimation by stochastic approximation algorithm.
=================================================

Random initialization of random number stream.
Current random number seed is 930678.
Effects object used: myeffnull 
Model Type 1: Standard actor-oriented model
Estimation method: conditional moment estimation
Conditioning variable is the total number of observed changes ("distance") 
in the network variable.
Distances for simulations are
period   :   1   2
distance :  115 106.
Standard errors are estimated with the likelihood ratio method.
Dolby method (regression on scores) is used.
Initial value of gain parameter is  0.2000000.
Reduction factor for gain parameter is  0.5000000.
Number of subphases in Phase 2 is 4.

Initial parameter values are 
  0.1  Rate parameter                         4.6960
  0.2  Rate parameter                         4.3288
  1. eval:  outdegree (density)                            -1.4677
  2. eval:  reciprocity                                     0.0000


Observed values of target statistics are
  1. Number of ties                                                     238.0000
  2. Number of reciprocated ties                                        160.0000

 2 parameters, 2 statistics

Estimation of derivatives by the LR method (type 1).


@2
End of stochastic approximation algorithm, phase 3.
---------------------------------------------------

Total of 2212 iterations.
Parameter estimates based on 1212 iterations,
basic rate parameters as well as 
convergence diagnostics, covariance and derivative matrices based on 1000 iterations.

Information for convergence diagnosis.
Averages, standard deviations, and t-ratios for deviations from targets:
  1.  -0.4520  14.7199  -0.0307 
  2.  -0.9480  13.9608  -0.0679 

Good convergence is indicated by the t-ratios being close to zero.

Overall maximum convergence ratio =  0.0875 .



@2
Estimation Results.
-------------------

Regular end of estimation algorithm.
Total of 2212 iteration steps.


@3
Estimates and standard errors
                             
Rate parameters:
 0.1  Rate parameter period 1     5.7963  (   0.8743)
 0.2  Rate parameter period 2     4.4936  (   0.6812)

Other parameters:
 1. eval:  outdegree (density)                                    -2.3787  (   0.1093)
 2. eval:  reciprocity                                             2.8507  (   0.1879)


@3
Covariance matrices
                   
Covariance matrix of estimates (correlations below diagonal):
     0.012     -0.015
    -0.753      0.035

Derivative matrix of expected statistics X by parameters and
covariance/correlation matrix of X can be found using
summary(ans) within R, or by using the 'verbose' option in Siena07.
 
Total computation time 22.76 seconds.


-----------------------------------
New Analysis started.
Date and time: 24/01/2017 15:57:26
New results follow.
-----------------------------------

RSiena version 1.1-304 (14 Oct 16) R-forge revision: 304 


@1
Estimation by stochastic approximation algorithm.
=================================================

Random initialization of random number stream.
Current random number seed is 269701.
Effects object used: myeff1addl 
Model Type 1: Standard actor-oriented model
Estimation method: conditional moment estimation
Conditioning variable is the total number of observed changes ("distance") 
in the network variable.
Distances for simulations are
period   :   1   2
distance :  115 106.
Standard errors are estimated with the likelihood ratio method.
Dolby method (regression on scores) is used.
Initial value of gain parameter is  0.2000000.
Reduction factor for gain parameter is  0.5000000.
Number of subphases in Phase 2 is 4.

Initial parameter values are 
  0.1  Rate parameter                         4.6960
  0.2  Rate parameter                         4.3288
  1. eval:  outdegree (density)                            -1.4677
  2. eval:  reciprocity                                     0.0000
  3. eval:  transitive triplets                             0.0000


Observed values of target statistics are
  1. Number of ties                                                     238.0000
  2. Number of reciprocated ties                                        160.0000
  3. Number of transitive triplets                                      225.0000

 3 parameters, 3 statistics

Estimation of derivatives by the LR method (type 1).


@2
End of stochastic approximation algorithm, phase 3.
---------------------------------------------------

Total of 1725 iterations.
Parameter estimates based on 725 iterations,
basic rate parameters as well as 
convergence diagnostics, covariance and derivative matrices based on 1000 iterations.

Information for convergence diagnosis.
Averages, standard deviations, and t-ratios for deviations from targets:
  1.  -2.0920  21.2374  -0.0985 
  2.  -2.2660  19.9434  -0.1136 
  3.  -3.9320  63.4888  -0.0619 

Good convergence is indicated by the t-ratios being close to zero.

Overall maximum convergence ratio =  0.1262 .



@2
Estimation Results.
-------------------

Regular end of estimation algorithm.
Total of 1725 iteration steps.


@3
Estimates and standard errors
                             
Rate parameters:
 0.1  Rate parameter period 1     6.4681  (   1.1413)
 0.2  Rate parameter period 2     5.2626  (   0.9294)

Other parameters:
 1. eval:  outdegree (density)                                    -2.6837  (   0.1160)
 2. eval:  reciprocity                                             2.4523  (   0.1973)
 3. eval:  transitive triplets                                     0.6232  (   0.0726)


@3
Covariance matrices
                   
Covariance matrix of estimates (correlations below diagonal):
     0.013     -0.014     -0.003
    -0.596      0.039     -0.003
    -0.347     -0.237      0.005

Derivative matrix of expected statistics X by parameters and
covariance/correlation matrix of X can be found using
summary(ans) within R, or by using the 'verbose' option in Siena07.
 
Total computation time 31.24 seconds.


-----------------------------------
New Analysis started.
Date and time: 24/01/2017 15:57:58
New results follow.
-----------------------------------

RSiena version 1.1-304 (14 Oct 16) R-forge revision: 304 


@1
Estimation by stochastic approximation algorithm.
=================================================

Random initialization of random number stream.
Current random number seed is 354109.
Effects object used: myeff2addl 
Model Type 1: Standard actor-oriented model
Estimation method: conditional moment estimation
Conditioning variable is the total number of observed changes ("distance") 
in the network variable.
Distances for simulations are
period   :   1   2
distance :  115 106.
Standard errors are estimated with the likelihood ratio method.
Dolby method (regression on scores) is used.
Initial value of gain parameter is  0.2000000.
Reduction factor for gain parameter is  0.5000000.
Number of subphases in Phase 2 is 4.

Initial parameter values are 
  0.1  Rate parameter                         4.6960
  0.2  Rate parameter                         4.3288
  1. eval:  outdegree (density)                            -1.4677
  2. eval:  reciprocity                                     0.0000
  3. eval:  transitive triplets                             0.0000
  4. eval:  3-cycles                                        0.0000


Observed values of target statistics are
  1. Number of ties                                                     238.0000
  2. Number of reciprocated ties                                        160.0000
  3. Number of transitive triplets                                      225.0000
  4. 3-cycles                                                            72.0000

 4 parameters, 4 statistics

Estimation of derivatives by the LR method (type 1).


@2
End of stochastic approximation algorithm, phase 3.
---------------------------------------------------

Total of 1747 iterations.
Parameter estimates based on 747 iterations,
basic rate parameters as well as 
convergence diagnostics, covariance and derivative matrices based on 1000 iterations.

Information for convergence diagnosis.
Averages, standard deviations, and t-ratios for deviations from targets:
  1.   1.7460  21.4955   0.0812 
  2.   1.9040  20.0190   0.0951 
  3.   8.7990  67.7225   0.1299 
  4.   2.9950  22.0121   0.1361 

Good convergence is indicated by the t-ratios being close to zero.

Overall maximum convergence ratio =  0.1485 .



@2
Estimation Results.
-------------------

Regular end of estimation algorithm.
Total of 1747 iteration steps.


@3
Estimates and standard errors
                             
Rate parameters:
 0.1  Rate parameter period 1     6.3663  (   1.0300)
 0.2  Rate parameter period 2     5.2580  (   0.8938)

Other parameters:
 1. eval:  outdegree (density)                                    -2.7005  (   0.1227)
 2. eval:  reciprocity                                             2.4896  (   0.2087)
 3. eval:  transitive triplets                                     0.6748  (   0.1435)
 4. eval:  3-cycles                                               -0.0952  (   0.2853)


@3
Covariance matrices
                   
Covariance matrix of estimates (correlations below diagonal):
     0.015     -0.016     -0.008      0.009
    -0.638      0.044      0.009     -0.024
    -0.474      0.315      0.021     -0.035
     0.253     -0.403     -0.854      0.081

Derivative matrix of expected statistics X by parameters and
covariance/correlation matrix of X can be found using
summary(ans) within R, or by using the 'verbose' option in Siena07.
 
Total computation time 27.05 seconds.


-----------------------------------
New Analysis started.
Date and time: 24/01/2017 22:08:10
New results follow.
-----------------------------------

RSiena version 1.1-304 (14 Oct 16) R-forge revision: 304 


@1
Estimation by stochastic approximation algorithm.
=================================================

Random initialization of random number stream.
Current random number seed is 426054.
Effects object used: myeffnull 
Model Type 1: Standard actor-oriented model
Estimation method: conditional moment estimation
Conditioning variable is the total number of observed changes ("distance") 
in the network variable.
Distances for simulations are
period   :   1   2
distance :  115 106.
Standard errors are estimated with the likelihood ratio method.
Dolby method (regression on scores) is used.
Initial value of gain parameter is  0.2000000.
Reduction factor for gain parameter is  0.5000000.
Number of subphases in Phase 2 is 4.

Initial parameter values are 
  0.1  Rate parameter                         4.6960
  0.2  Rate parameter                         4.3288
  1. eval:  outdegree (density)                            -1.4677
  2. eval:  reciprocity                                     0.0000


Observed values of target statistics are
  1. Number of ties                                                     238.0000
  2. Number of reciprocated ties                                        160.0000

 2 parameters, 2 statistics

Estimation of derivatives by the LR method (type 1).


@2
End of stochastic approximation algorithm, phase 3.
---------------------------------------------------

Total of 2153 iterations.
Parameter estimates based on 1153 iterations,
basic rate parameters as well as 
convergence diagnostics, covariance and derivative matrices based on 1000 iterations.

Information for convergence diagnosis.
Averages, standard deviations, and t-ratios for deviations from targets:
  1.   0.4140  13.6500   0.0303 
  2.  -0.7360  13.0922  -0.0562 

Good convergence is indicated by the t-ratios being close to zero.

Overall maximum convergence ratio =  0.1494 .



@2
Estimation Results.
-------------------

Regular end of estimation algorithm.
Total of 2153 iteration steps.


@3
Estimates and standard errors
                             
Rate parameters:
 0.1  Rate parameter period 1     5.7344  (   0.8933)
 0.2  Rate parameter period 2     4.5116  (   0.6866)

Other parameters:
 1. eval:  outdegree (density)                                    -2.3699  (   0.1094)
 2. eval:  reciprocity                                             2.8432  (   0.1921)


@3
Covariance matrices
                   
Covariance matrix of estimates (correlations below diagonal):
     0.012     -0.016
    -0.741      0.037

Derivative matrix of expected statistics X by parameters and
covariance/correlation matrix of X can be found using
summary(ans) within R, or by using the 'verbose' option in Siena07.
 
Total computation time 25.49 seconds.


-----------------------------------
New Analysis started.
Date and time: 24/01/2017 22:08:36
New results follow.
-----------------------------------

RSiena version 1.1-304 (14 Oct 16) R-forge revision: 304 


@1
Estimation by stochastic approximation algorithm.
=================================================

Random initialization of random number stream.
Current random number seed is 894698.
Effects object used: myeff1addl 
Model Type 1: Standard actor-oriented model
Estimation method: conditional moment estimation
Conditioning variable is the total number of observed changes ("distance") 
in the network variable.
Distances for simulations are
period   :   1   2
distance :  115 106.
Standard errors are estimated with the likelihood ratio method.
Dolby method (regression on scores) is used.
Initial value of gain parameter is  0.2000000.
Reduction factor for gain parameter is  0.5000000.
Number of subphases in Phase 2 is 4.

Initial parameter values are 
  0.1  Rate parameter                         4.6960
  0.2  Rate parameter                         4.3288
  1. eval:  outdegree (density)                            -1.4677
  2. eval:  reciprocity                                     0.0000
  3. eval:  transitive triplets                             0.0000


Observed values of target statistics are
  1. Number of ties                                                     238.0000
  2. Number of reciprocated ties                                        160.0000
  3. Number of transitive triplets                                      225.0000

 3 parameters, 3 statistics

Estimation of derivatives by the LR method (type 1).


@2
End of stochastic approximation algorithm, phase 3.
---------------------------------------------------

Total of 1757 iterations.
Parameter estimates based on 757 iterations,
basic rate parameters as well as 
convergence diagnostics, covariance and derivative matrices based on 1000 iterations.

Information for convergence diagnosis.
Averages, standard deviations, and t-ratios for deviations from targets:
  1.   1.7220  22.5286   0.0764 
  2.   2.8040  20.7721   0.1350 
  3.   8.9930  68.4034   0.1315 

Good convergence is indicated by the t-ratios being close to zero.

Overall maximum convergence ratio =  0.2017 .



@2
Estimation Results.
-------------------

Regular end of estimation algorithm.
Total of 1757 iteration steps.


@3
Estimates and standard errors
                             
Rate parameters:
 0.1  Rate parameter period 1     6.5127  (   1.1763)
 0.2  Rate parameter period 2     5.2412  (   0.9252)

Other parameters:
 1. eval:  outdegree (density)                                    -2.6992  (   0.1187)
 2. eval:  reciprocity                                             2.4899  (   0.2149)
 3. eval:  transitive triplets                                     0.6277  (   0.0757)


@3
Covariance matrices
                   
Covariance matrix of estimates (correlations below diagonal):
     0.014     -0.015     -0.004
    -0.576      0.046     -0.004
    -0.428     -0.219      0.006

Derivative matrix of expected statistics X by parameters and
covariance/correlation matrix of X can be found using
summary(ans) within R, or by using the 'verbose' option in Siena07.
 
Total computation time 30.31 seconds.


-----------------------------------
New Analysis started.
Date and time: 24/01/2017 22:09:06
New results follow.
-----------------------------------

RSiena version 1.1-304 (14 Oct 16) R-forge revision: 304 


@1
Estimation by stochastic approximation algorithm.
=================================================

Random initialization of random number stream.
Current random number seed is 773977.
Effects object used: myeff2addl 
Model Type 1: Standard actor-oriented model
Estimation method: conditional moment estimation
Conditioning variable is the total number of observed changes ("distance") 
in the network variable.
Distances for simulations are
period   :   1   2
distance :  115 106.
Standard errors are estimated with the likelihood ratio method.
Dolby method (regression on scores) is used.
Initial value of gain parameter is  0.2000000.
Reduction factor for gain parameter is  0.5000000.
Number of subphases in Phase 2 is 4.

Initial parameter values are 
  0.1  Rate parameter                         4.6960
  0.2  Rate parameter                         4.3288
  1. eval:  outdegree (density)                            -1.4677
  2. eval:  reciprocity                                     0.0000
  3. eval:  transitive triplets                             0.0000
  4. eval:  3-cycles                                        0.0000


Observed values of target statistics are
  1. Number of ties                                                     238.0000
  2. Number of reciprocated ties                                        160.0000
  3. Number of transitive triplets                                      225.0000
  4. 3-cycles                                                            72.0000

 4 parameters, 4 statistics

Estimation of derivatives by the LR method (type 1).


@2
End of stochastic approximation algorithm, phase 3.
---------------------------------------------------

Total of 1780 iterations.
Parameter estimates based on 780 iterations,
basic rate parameters as well as 
convergence diagnostics, covariance and derivative matrices based on 1000 iterations.

Information for convergence diagnosis.
Averages, standard deviations, and t-ratios for deviations from targets:
  1.   0.2320  22.0494   0.0105 
  2.   0.5860  20.3889   0.0287 
  3.   2.4000  66.5296   0.0361 
  4.   1.0330  21.6861   0.0476 

Good convergence is indicated by the t-ratios being close to zero.

Overall maximum convergence ratio =  0.1093 .



@2
Estimation Results.
-------------------

Regular end of estimation algorithm.
Total of 1780 iteration steps.


@3
Estimates and standard errors
                             
Rate parameters:
 0.1  Rate parameter period 1     6.4453  (   1.0862)
 0.2  Rate parameter period 2     5.2223  (   0.8723)

Other parameters:
 1. eval:  outdegree (density)                                    -2.7008  (   0.1168)
 2. eval:  reciprocity                                             2.4972  (   0.1998)
 3. eval:  transitive triplets                                     0.6698  (   0.1481)
 4. eval:  3-cycles                                               -0.0927  (   0.2920)


@3
Covariance matrices
                   
Covariance matrix of estimates (correlations below diagonal):
     0.014     -0.014     -0.008      0.008
    -0.590      0.040      0.009     -0.025
    -0.458      0.314      0.022     -0.037
     0.225     -0.437     -0.851      0.085

Derivative matrix of expected statistics X by parameters and
covariance/correlation matrix of X can be found using
summary(ans) within R, or by using the 'verbose' option in Siena07.
 
Total computation time 26.41 seconds.


-----------------------------------
New Analysis started.
Date and time: 24/01/2017 22:12:20
New results follow.
-----------------------------------

RSiena version 1.1-304 (14 Oct 16) R-forge revision: 304 


@1
Estimation by stochastic approximation algorithm.
=================================================

Random initialization of random number stream.
Current random number seed is 378852.
Effects object used: myeffnull 
Model Type 1: Standard actor-oriented model
Estimation method: conditional moment estimation
Conditioning variable is the total number of observed changes ("distance") 
in the network variable.
Distances for simulations are
period   :   1   2
distance :  115 106.
Standard errors are estimated with the likelihood ratio method.
Dolby method (regression on scores) is used.
Initial value of gain parameter is  0.2000000.
Reduction factor for gain parameter is  0.5000000.
Number of subphases in Phase 2 is 4.

Initial parameter values are 
  0.1  Rate parameter                         4.6960
  0.2  Rate parameter                         4.3288
  1. eval:  outdegree (density)                            -1.4677
  2. eval:  reciprocity                                     0.0000


Observed values of target statistics are
  1. Number of ties                                                     238.0000
  2. Number of reciprocated ties                                        160.0000

 2 parameters, 2 statistics

Estimation of derivatives by the LR method (type 1).


@2
End of stochastic approximation algorithm, phase 3.
---------------------------------------------------

Total of 2119 iterations.
Parameter estimates based on 1119 iterations,
basic rate parameters as well as 
convergence diagnostics, covariance and derivative matrices based on 1000 iterations.

Information for convergence diagnosis.
Averages, standard deviations, and t-ratios for deviations from targets:
  1.   0.7420  14.1262   0.0525 
  2.   0.0680  13.4232   0.0051 

Good convergence is indicated by the t-ratios being close to zero.

Overall maximum convergence ratio =  0.0882 .



@2
Estimation Results.
-------------------

Regular end of estimation algorithm.
Total of 2119 iteration steps.


@3
Estimates and standard errors
                             
Rate parameters:
 0.1  Rate parameter period 1     5.8039  (   0.9284)
 0.2  Rate parameter period 2     4.5038  (   0.6634)

Other parameters:
 1. eval:  outdegree (density)                                    -2.3762  (   0.0982)
 2. eval:  reciprocity                                             2.8534  (   0.1735)


@3
Covariance matrices
                   
Covariance matrix of estimates (correlations below diagonal):
     0.010     -0.012
    -0.695      0.030

Derivative matrix of expected statistics X by parameters and
covariance/correlation matrix of X can be found using
summary(ans) within R, or by using the 'verbose' option in Siena07.
 
Total computation time 24.15 seconds.


-----------------------------------
New Analysis started.
Date and time: 24/01/2017 22:12:45
New results follow.
-----------------------------------

RSiena version 1.1-304 (14 Oct 16) R-forge revision: 304 


@1
Estimation by stochastic approximation algorithm.
=================================================

Random initialization of random number stream.
Current random number seed is 383213.
Effects object used: myeff1addl 
Model Type 1: Standard actor-oriented model
Estimation method: conditional moment estimation
Conditioning variable is the total number of observed changes ("distance") 
in the network variable.
Distances for simulations are
period   :   1   2
distance :  115 106.
Standard errors are estimated with the likelihood ratio method.
Dolby method (regression on scores) is used.
Initial value of gain parameter is  0.2000000.
Reduction factor for gain parameter is  0.5000000.
Number of subphases in Phase 2 is 4.

Initial parameter values are 
  0.1  Rate parameter                         4.6960
  0.2  Rate parameter                         4.3288
  1. eval:  outdegree (density)                            -1.4677
  2. eval:  reciprocity                                     0.0000
  3. eval:  transitive triplets                             0.0000


Observed values of target statistics are
  1. Number of ties                                                     238.0000
  2. Number of reciprocated ties                                        160.0000
  3. Number of transitive triplets                                      225.0000

 3 parameters, 3 statistics

Estimation of derivatives by the LR method (type 1).


@2
End of stochastic approximation algorithm, phase 3.
---------------------------------------------------

Total of 1771 iterations.
Parameter estimates based on 771 iterations,
basic rate parameters as well as 
convergence diagnostics, covariance and derivative matrices based on 1000 iterations.

Information for convergence diagnosis.
Averages, standard deviations, and t-ratios for deviations from targets:
  1.  -0.6620  21.9026  -0.0302 
  2.  -1.2400  20.1754  -0.0615 
  3.  -2.8220  64.6314  -0.0437 

Good convergence is indicated by the t-ratios being close to zero.

Overall maximum convergence ratio =  0.0949 .



@2
Estimation Results.
-------------------

Regular end of estimation algorithm.
Total of 1771 iteration steps.


@3
Estimates and standard errors
                             
Rate parameters:
 0.1  Rate parameter period 1     6.4510  (   1.1073)
 0.2  Rate parameter period 2     5.2037  (   0.8798)

Other parameters:
 1. eval:  outdegree (density)                                    -2.6737  (   0.1153)
 2. eval:  reciprocity                                             2.4428  (   0.1979)
 3. eval:  transitive triplets                                     0.6191  (   0.0774)


@3
Covariance matrices
                   
Covariance matrix of estimates (correlations below diagonal):
     0.013     -0.013     -0.004
    -0.566      0.039     -0.003
    -0.442     -0.192      0.006

Derivative matrix of expected statistics X by parameters and
covariance/correlation matrix of X can be found using
summary(ans) within R, or by using the 'verbose' option in Siena07.
 
Total computation time 26.25 seconds.


-----------------------------------
New Analysis started.
Date and time: 24/01/2017 22:13:11
New results follow.
-----------------------------------

RSiena version 1.1-304 (14 Oct 16) R-forge revision: 304 


@1
Estimation by stochastic approximation algorithm.
=================================================

Random initialization of random number stream.
Current random number seed is 233222.
Effects object used: myeff2addl 
Model Type 1: Standard actor-oriented model
Estimation method: conditional moment estimation
Conditioning variable is the total number of observed changes ("distance") 
in the network variable.
Distances for simulations are
period   :   1   2
distance :  115 106.
Standard errors are estimated with the likelihood ratio method.
Dolby method (regression on scores) is used.
Initial value of gain parameter is  0.2000000.
Reduction factor for gain parameter is  0.5000000.
Number of subphases in Phase 2 is 4.

Initial parameter values are 
  0.1  Rate parameter                         4.6960
  0.2  Rate parameter                         4.3288
  1. eval:  outdegree (density)                            -1.4677
  2. eval:  reciprocity                                     0.0000
  3. eval:  transitive triplets                             0.0000
  4. eval:  3-cycles                                        0.0000


Observed values of target statistics are
  1. Number of ties                                                     238.0000
  2. Number of reciprocated ties                                        160.0000
  3. Number of transitive triplets                                      225.0000
  4. 3-cycles                                                            72.0000

 4 parameters, 4 statistics

Estimation of derivatives by the LR method (type 1).


@2
End of stochastic approximation algorithm, phase 3.
---------------------------------------------------

Total of 1751 iterations.
Parameter estimates based on 751 iterations,
basic rate parameters as well as 
convergence diagnostics, covariance and derivative matrices based on 1000 iterations.

Information for convergence diagnosis.
Averages, standard deviations, and t-ratios for deviations from targets:
  1.   0.9180  22.5975   0.0406 
  2.   0.6580  20.7026   0.0318 
  3.   2.7870  66.6157   0.0418 
  4.   0.7660  21.5941   0.0355 

Good convergence is indicated by the t-ratios being close to zero.

Overall maximum convergence ratio =  0.0698 .



@2
Estimation Results.
-------------------

Regular end of estimation algorithm.
Total of 1751 iteration steps.


@3
Estimates and standard errors
                             
Rate parameters:
 0.1  Rate parameter period 1     6.4508  (   1.1081)
 0.2  Rate parameter period 2     5.2055  (   0.8934)

Other parameters:
 1. eval:  outdegree (density)                                    -2.6986  (   0.1261)
 2. eval:  reciprocity                                             2.4895  (   0.2206)
 3. eval:  transitive triplets                                     0.6791  (   0.1420)
 4. eval:  3-cycles                                               -0.1147  (   0.2784)


@3
Covariance matrices
                   
Covariance matrix of estimates (correlations below diagonal):
     0.016     -0.019     -0.009      0.012
    -0.678      0.049      0.010     -0.027
    -0.495      0.319      0.020     -0.034
     0.333     -0.447     -0.850      0.077

Derivative matrix of expected statistics X by parameters and
covariance/correlation matrix of X can be found using
summary(ans) within R, or by using the 'verbose' option in Siena07.
 
Total computation time 27.41 seconds.


-----------------------------------
New Analysis started.
Date and time: 25/01/2017 16:39:35
New results follow.
-----------------------------------

RSiena version 1.1-304 (14 Oct 16) R-forge revision: 304 


@1
Estimation by stochastic approximation algorithm.
=================================================

Random initialization of random number stream.
Current random number seed is 87801.
Effects object used: myeffnull 
Model Type 1: Standard actor-oriented model
Estimation method: conditional moment estimation
Conditioning variable is the total number of observed changes ("distance") 
in the network variable.
Distances for simulations are
period   :   1   2
distance :  115 106.
Standard errors are estimated with the likelihood ratio method.
Dolby method (regression on scores) is used.
Initial value of gain parameter is  0.2000000.
Reduction factor for gain parameter is  0.5000000.
Number of subphases in Phase 2 is 4.

Initial parameter values are 
  0.1  Rate parameter                         4.6960
  0.2  Rate parameter                         4.3288
  1. eval:  outdegree (density)                            -1.4677
  2. eval:  reciprocity                                     0.0000


Observed values of target statistics are
  1. Number of ties                                                     238.0000
  2. Number of reciprocated ties                                        160.0000

 2 parameters, 2 statistics

Estimation of derivatives by the LR method (type 1).


@2
End of stochastic approximation algorithm, phase 3.
---------------------------------------------------

Total of 2083 iterations.
Parameter estimates based on 1083 iterations,
basic rate parameters as well as 
convergence diagnostics, covariance and derivative matrices based on 1000 iterations.

Information for convergence diagnosis.
Averages, standard deviations, and t-ratios for deviations from targets:
  1.   0.1120  14.4368   0.0078 
  2.   0.1600  13.8786   0.0115 

Good convergence is indicated by the t-ratios being close to zero.

Overall maximum convergence ratio =  0.0121 .



@2
Estimation Results.
-------------------

Regular end of estimation algorithm.
Total of 2083 iteration steps.


@3
Estimates and standard errors
                             
Rate parameters:
 0.1  Rate parameter period 1     5.8088  (   0.8701)
 0.2  Rate parameter period 2     4.4989  (   0.6645)

Other parameters:
 1. eval:  outdegree (density)                                    -2.3825  (   0.1055)
 2. eval:  reciprocity                                             2.8622  (   0.1809)


@3
Covariance matrices
                   
Covariance matrix of estimates (correlations below diagonal):
     0.011     -0.014
    -0.740      0.033

Derivative matrix of expected statistics X by parameters and
covariance/correlation matrix of X can be found using
summary(ans) within R, or by using the 'verbose' option in Siena07.
 
Total computation time 20.92 seconds.


-----------------------------------
New Analysis started.
Date and time: 25/01/2017 16:39:55
New results follow.
-----------------------------------

RSiena version 1.1-304 (14 Oct 16) R-forge revision: 304 


@1
Estimation by stochastic approximation algorithm.
=================================================

Random initialization of random number stream.
Current random number seed is 573015.
Effects object used: myeff1addl 
Model Type 1: Standard actor-oriented model
Estimation method: conditional moment estimation
Conditioning variable is the total number of observed changes ("distance") 
in the network variable.
Distances for simulations are
period   :   1   2
distance :  115 106.
Standard errors are estimated with the likelihood ratio method.
Dolby method (regression on scores) is used.
Initial value of gain parameter is  0.2000000.
Reduction factor for gain parameter is  0.5000000.
Number of subphases in Phase 2 is 4.

Initial parameter values are 
  0.1  Rate parameter                         4.6960
  0.2  Rate parameter                         4.3288
  1. eval:  outdegree (density)                            -1.4677
  2. eval:  reciprocity                                     0.0000
  3. eval:  transitive triplets                             0.0000


Observed values of target statistics are
  1. Number of ties                                                     238.0000
  2. Number of reciprocated ties                                        160.0000
  3. Number of transitive triplets                                      225.0000

 3 parameters, 3 statistics



-----------------------------------
New Analysis started.
Date and time: 25/01/2017 16:40:03
New results follow.
-----------------------------------

RSiena version 1.1-304 (14 Oct 16) R-forge revision: 304 


@1
Estimation by stochastic approximation algorithm.
=================================================

Random initialization of random number stream.
Current random number seed is 978622.
Effects object used: myeffnull 
Model Type 1: Standard actor-oriented model
Estimation method: conditional moment estimation
Conditioning variable is the total number of observed changes ("distance") 
in the network variable.
Distances for simulations are
period   :   1   2
distance :  115 106.
Standard errors are estimated with the likelihood ratio method.
Dolby method (regression on scores) is used.
Initial value of gain parameter is  0.2000000.
Reduction factor for gain parameter is  0.5000000.
Number of subphases in Phase 2 is 4.

Initial parameter values are 
  0.1  Rate parameter                         4.6960
  0.2  Rate parameter                         4.3288
  1. eval:  outdegree (density)                            -1.4677
  2. eval:  reciprocity                                     0.0000


Observed values of target statistics are
  1. Number of ties                                                     238.0000
  2. Number of reciprocated ties                                        160.0000

 2 parameters, 2 statistics

Estimation of derivatives by the LR method (type 1).


@2
End of stochastic approximation algorithm, phase 3.
---------------------------------------------------

Total of 2012 iterations.
Parameter estimates based on 1012 iterations,
basic rate parameters as well as 
convergence diagnostics, covariance and derivative matrices based on 1000 iterations.

Information for convergence diagnosis.
Averages, standard deviations, and t-ratios for deviations from targets:
  1.  -0.6700  14.1821  -0.0472 
  2.  -0.3580  13.7002  -0.0261 

Good convergence is indicated by the t-ratios being close to zero.

Overall maximum convergence ratio =  0.0533 .



@2
Estimation Results.
-------------------

Regular end of estimation algorithm.
Total of 2012 iteration steps.


@3
Estimates and standard errors
                             
Rate parameters:
 0.1  Rate parameter period 1     5.7767  (   0.8871)
 0.2  Rate parameter period 2     4.4953  (   0.6711)

Other parameters:
 1. eval:  outdegree (density)                                    -2.3806  (   0.1061)
 2. eval:  reciprocity                                             2.8552  (   0.1892)


@3
Covariance matrices
                   
Covariance matrix of estimates (correlations below diagonal):
     0.011     -0.015
    -0.757      0.036

Derivative matrix of expected statistics X by parameters and
covariance/correlation matrix of X can be found using
summary(ans) within R, or by using the 'verbose' option in Siena07.
 
Total computation time 15.74 seconds.


-----------------------------------
New Analysis started.
Date and time: 25/01/2017 16:40:19
New results follow.
-----------------------------------

RSiena version 1.1-304 (14 Oct 16) R-forge revision: 304 


@1
Estimation by stochastic approximation algorithm.
=================================================

Random initialization of random number stream.
Current random number seed is 180277.
Effects object used: myeff1addl 
Model Type 1: Standard actor-oriented model
Estimation method: conditional moment estimation
Conditioning variable is the total number of observed changes ("distance") 
in the network variable.
Distances for simulations are
period   :   1   2
distance :  115 106.
Standard errors are estimated with the likelihood ratio method.
Dolby method (regression on scores) is used.
Initial value of gain parameter is  0.2000000.
Reduction factor for gain parameter is  0.5000000.
Number of subphases in Phase 2 is 4.

Initial parameter values are 
  0.1  Rate parameter                         4.6960
  0.2  Rate parameter                         4.3288
  1. eval:  outdegree (density)                            -1.4677
  2. eval:  reciprocity                                     0.0000
  3. eval:  transitive triplets                             0.0000


Observed values of target statistics are
  1. Number of ties                                                     238.0000
  2. Number of reciprocated ties                                        160.0000
  3. Number of transitive triplets                                      225.0000

 3 parameters, 3 statistics

Estimation of derivatives by the LR method (type 1).


@2
End of stochastic approximation algorithm, phase 3.
---------------------------------------------------

Total of 1713 iterations.
Parameter estimates based on 713 iterations,
basic rate parameters as well as 
convergence diagnostics, covariance and derivative matrices based on 1000 iterations.

Information for convergence diagnosis.
Averages, standard deviations, and t-ratios for deviations from targets:
  1.   1.3140  21.8239   0.0602 
  2.   0.5140  20.4757   0.0251 
  3.   5.5820  69.5239   0.0803 

Good convergence is indicated by the t-ratios being close to zero.

Overall maximum convergence ratio =  0.1409 .



@2
Estimation Results.
-------------------

Regular end of estimation algorithm.
Total of 1713 iteration steps.


@3
Estimates and standard errors
                             
Rate parameters:
 0.1  Rate parameter period 1     6.4524  (   1.1558)
 0.2  Rate parameter period 2     5.2533  (   0.9123)

Other parameters:
 1. eval:  outdegree (density)                                    -2.6796  (   0.1223)
 2. eval:  reciprocity                                             2.4490  (   0.2084)
 3. eval:  transitive triplets                                     0.6259  (   0.0778)


@3
Covariance matrices
                   
Covariance matrix of estimates (correlations below diagonal):
     0.015     -0.015     -0.005
    -0.605      0.043     -0.002
    -0.494     -0.110      0.006

Derivative matrix of expected statistics X by parameters and
covariance/correlation matrix of X can be found using
summary(ans) within R, or by using the 'verbose' option in Siena07.
 
Total computation time 21.67 seconds.


-----------------------------------
New Analysis started.
Date and time: 25/01/2017 16:40:41
New results follow.
-----------------------------------

RSiena version 1.1-304 (14 Oct 16) R-forge revision: 304 


@1
Estimation by stochastic approximation algorithm.
=================================================

Random initialization of random number stream.
Current random number seed is 694585.
Effects object used: myeff2addl 
Model Type 1: Standard actor-oriented model
Estimation method: conditional moment estimation
Conditioning variable is the total number of observed changes ("distance") 
in the network variable.
Distances for simulations are
period   :   1   2
distance :  115 106.
Standard errors are estimated with the likelihood ratio method.
Dolby method (regression on scores) is used.
Initial value of gain parameter is  0.2000000.
Reduction factor for gain parameter is  0.5000000.
Number of subphases in Phase 2 is 4.

Initial parameter values are 
  0.1  Rate parameter                         4.6960
  0.2  Rate parameter                         4.3288
  1. eval:  outdegree (density)                            -1.4677
  2. eval:  reciprocity                                     0.0000
  3. eval:  transitive triplets                             0.0000
  4. eval:  3-cycles                                        0.0000


Observed values of target statistics are
  1. Number of ties                                                     238.0000
  2. Number of reciprocated ties                                        160.0000
  3. Number of transitive triplets                                      225.0000
  4. 3-cycles                                                            72.0000

 4 parameters, 4 statistics

Estimation of derivatives by the LR method (type 1).


@2
End of stochastic approximation algorithm, phase 3.
---------------------------------------------------

Total of 1767 iterations.
Parameter estimates based on 767 iterations,
basic rate parameters as well as 
convergence diagnostics, covariance and derivative matrices based on 1000 iterations.

Information for convergence diagnosis.
Averages, standard deviations, and t-ratios for deviations from targets:
  1.   0.2980  22.0124   0.0135 
  2.   0.3560  20.3570   0.0175 
  3.   0.5150  65.2771   0.0079 
  4.   0.0790  21.2513   0.0037 

Good convergence is indicated by the t-ratios being close to zero.

Overall maximum convergence ratio =  0.0458 .



@2
Estimation Results.
-------------------

Regular end of estimation algorithm.
Total of 1767 iteration steps.


@3
Estimates and standard errors
                             
Rate parameters:
 0.1  Rate parameter period 1     6.4495  (   1.0844)
 0.2  Rate parameter period 2     5.2647  (   0.8888)

Other parameters:
 1. eval:  outdegree (density)                                    -2.6989  (   0.1143)
 2. eval:  reciprocity                                             2.5030  (   0.2072)
 3. eval:  transitive triplets                                     0.6813  (   0.1302)
 4. eval:  3-cycles                                               -0.1287  (   0.2665)


@3
Covariance matrices
                   
Covariance matrix of estimates (correlations below diagonal):
     0.013     -0.015     -0.007      0.008
    -0.614      0.043      0.009     -0.027
    -0.449      0.344      0.017     -0.029
     0.260     -0.489     -0.828      0.071

Derivative matrix of expected statistics X by parameters and
covariance/correlation matrix of X can be found using
summary(ans) within R, or by using the 'verbose' option in Siena07.
 
Total computation time 22.62 seconds.


-----------------------------------
New Analysis started.
Date and time: 26/01/2017 14:33:42
New results follow.
-----------------------------------

RSiena version 1.1-304 (14 Oct 16) R-forge revision: 304 


@1
Estimation by stochastic approximation algorithm.
=================================================

Random initialization of random number stream.
Current random number seed is 938271.
Effects object used: myeffnull 
Model Type 1: Standard actor-oriented model
Estimation method: conditional moment estimation
Conditioning variable is the total number of observed changes ("distance") 
in the network variable.
Distances for simulations are
period   :   1   2
distance :  115 106.
Standard errors are estimated with the likelihood ratio method.
Dolby method (regression on scores) is used.
Initial value of gain parameter is  0.2000000.
Reduction factor for gain parameter is  0.5000000.
Number of subphases in Phase 2 is 4.

Initial parameter values are 
  0.1  Rate parameter                         4.6960
  0.2  Rate parameter                         4.3288
  1. eval:  outdegree (density)                            -1.4677
  2. eval:  reciprocity                                     0.0000


Observed values of target statistics are
  1. Number of ties                                                     238.0000
  2. Number of reciprocated ties                                        160.0000

 2 parameters, 2 statistics

Estimation of derivatives by the LR method (type 1).


@2
End of stochastic approximation algorithm, phase 3.
---------------------------------------------------

Total of 2012 iterations.
Parameter estimates based on 1012 iterations,
basic rate parameters as well as 
convergence diagnostics, covariance and derivative matrices based on 1000 iterations.

Information for convergence diagnosis.
Averages, standard deviations, and t-ratios for deviations from targets:
  1.  -0.3100  14.1674  -0.0219 
  2.  -0.1820  13.4530  -0.0135 

Good convergence is indicated by the t-ratios being close to zero.

Overall maximum convergence ratio =  0.0239 .



@2
Estimation Results.
-------------------

Regular end of estimation algorithm.
Total of 2012 iteration steps.


@3
Estimates and standard errors
                             
Rate parameters:
 0.1  Rate parameter period 1     5.7891  (   0.9117)
 0.2  Rate parameter period 2     4.4718  (   0.6688)

Other parameters:
 1. eval:  outdegree (density)                                    -2.3825  (   0.1102)
 2. eval:  reciprocity                                             2.8613  (   0.1977)


@3
Covariance matrices
                   
Covariance matrix of estimates (correlations below diagonal):
     0.012     -0.017
    -0.779      0.039

Derivative matrix of expected statistics X by parameters and
covariance/correlation matrix of X can be found using
summary(ans) within R, or by using the 'verbose' option in Siena07.
 
Total computation time 15.94 seconds.


-----------------------------------
New Analysis started.
Date and time: 26/01/2017 14:33:59
New results follow.
-----------------------------------

RSiena version 1.1-304 (14 Oct 16) R-forge revision: 304 


@1
Estimation by stochastic approximation algorithm.
=================================================

Random initialization of random number stream.
Current random number seed is 64762.
Effects object used: myeffalt1 
Model Type 1: Standard actor-oriented model
Estimation method: conditional moment estimation
Conditioning variable is the total number of observed changes ("distance") 
in the network variable.
Distances for simulations are
period   :   1   2
distance :  115 106.
Standard errors are estimated with the likelihood ratio method.
Dolby method (regression on scores) is used.
Initial value of gain parameter is  0.2000000.
Reduction factor for gain parameter is  0.5000000.
Number of subphases in Phase 2 is 4.

Initial parameter values are 
  0.1  Rate parameter                         4.6960
  0.2  Rate parameter                         4.3288
  1. eval:  outdegree (density)                            -1.4677
  2. eval:  reciprocity                                     0.0000
  3. eval:  transitive triplets                             0.0000


Observed values of target statistics are
  1. Number of ties                                                     238.0000
  2. Number of reciprocated ties                                        160.0000
  3. Number of transitive triplets                                      225.0000

 3 parameters, 3 statistics

Estimation of derivatives by the LR method (type 1).


@2
End of stochastic approximation algorithm, phase 3.
---------------------------------------------------

Total of 1719 iterations.
Parameter estimates based on 719 iterations,
basic rate parameters as well as 
convergence diagnostics, covariance and derivative matrices based on 1000 iterations.

Information for convergence diagnosis.
Averages, standard deviations, and t-ratios for deviations from targets:
  1.   0.3480  21.6988   0.0160 
  2.   0.3300  20.1839   0.0163 
  3.   2.3990  66.5241   0.0361 

Good convergence is indicated by the t-ratios being close to zero.

Overall maximum convergence ratio =  0.0425 .



@2
Estimation Results.
-------------------

Regular end of estimation algorithm.
Total of 1719 iteration steps.


@3
Estimates and standard errors
                             
Rate parameters:
 0.1  Rate parameter period 1     6.4335  (   1.1361)
 0.2  Rate parameter period 2     5.2666  (   0.9358)

Other parameters:
 1. eval:  outdegree (density)                                    -2.6849  (   0.1148)
 2. eval:  reciprocity                                             2.4554  (   0.1875)
 3. eval:  transitive triplets                                     0.6270  (   0.0783)


@3
Covariance matrices
                   
Covariance matrix of estimates (correlations below diagonal):
     0.013     -0.013     -0.005
    -0.623      0.035     -0.001
    -0.521     -0.053      0.006

Derivative matrix of expected statistics X by parameters and
covariance/correlation matrix of X can be found using
summary(ans) within R, or by using the 'verbose' option in Siena07.
 
Total computation time 17.28 seconds.


-----------------------------------
New Analysis started.
Date and time: 26/01/2017 14:36:18
New results follow.
-----------------------------------

RSiena version 1.1-304 (14 Oct 16) R-forge revision: 304 


@1
Estimation by stochastic approximation algorithm.
=================================================

Random initialization of random number stream.
Current random number seed is 649381.
Effects object used: myeffalt1 
Model Type 1: Standard actor-oriented model
Estimation method: conditional moment estimation
Conditioning variable is the total number of observed changes ("distance") 
in the network variable.
Distances for simulations are
period   :   1   2
distance :  115 106.
Standard errors are estimated with the likelihood ratio method.
Dolby method (regression on scores) is used.
Initial value of gain parameter is  0.2000000.
Reduction factor for gain parameter is  0.5000000.
Number of subphases in Phase 2 is 4.

Initial parameter values are 
  0.1  Rate parameter                         4.6960
  0.2  Rate parameter                         4.3288
  1. eval:  outdegree (density)                            -1.4677
  2. eval:  reciprocity                                     0.0000
  3. eval:  transitive triplets                             0.0000


Observed values of target statistics are
  1. Number of ties                                                     238.0000
  2. Number of reciprocated ties                                        160.0000
  3. Number of transitive triplets                                      225.0000

 3 parameters, 3 statistics

Estimation of derivatives by the LR method (type 1).


@2
End of stochastic approximation algorithm, phase 3.
---------------------------------------------------

Total of 1735 iterations.
Parameter estimates based on 735 iterations,
basic rate parameters as well as 
convergence diagnostics, covariance and derivative matrices based on 1000 iterations.

Information for convergence diagnosis.
Averages, standard deviations, and t-ratios for deviations from targets:
  1.   0.3920  22.1316   0.0177 
  2.  -0.4340  20.6297  -0.0210 
  3.  -0.7330  65.0179  -0.0113 

Good convergence is indicated by the t-ratios being close to zero.

Overall maximum convergence ratio =  0.1045 .



@2
Estimation Results.
-------------------

Regular end of estimation algorithm.
Total of 1735 iteration steps.


@3
Estimates and standard errors
                             
Rate parameters:
 0.1  Rate parameter period 1     6.4476  (   1.0735)
 0.2  Rate parameter period 2     5.2414  (   0.8622)

Other parameters:
 1. eval:  outdegree (density)                                    -2.6771  (   0.1097)
 2. eval:  reciprocity                                             2.4505  (   0.1941)
 3. eval:  transitive triplets                                     0.6214  (   0.0782)


@3
Covariance matrices
                   
Covariance matrix of estimates (correlations below diagonal):
     0.012     -0.011     -0.004
    -0.519      0.038     -0.004
    -0.467     -0.237      0.006

Derivative matrix of expected statistics X by parameters and
covariance/correlation matrix of X can be found using
summary(ans) within R, or by using the 'verbose' option in Siena07.
 
Total computation time 17.06 seconds.


-----------------------------------
New Analysis started.
Date and time: 27/01/2017 13:51:12
New results follow.
-----------------------------------

RSiena version 1.1-304 (14 Oct 16) R-forge revision: 304 


@1
Estimation by stochastic approximation algorithm.
=================================================

Random initialization of random number stream.
Current random number seed is 904268.
Effects object used: myeffnull 
Model Type 1: Standard actor-oriented model
Estimation method: conditional moment estimation
Conditioning variable is the total number of observed changes ("distance") 
in the network variable.
Distances for simulations are
period   :   1   2
distance :  115 106.
Standard errors are estimated with the likelihood ratio method.
Dolby method (regression on scores) is used.
Initial value of gain parameter is  0.2000000.
Reduction factor for gain parameter is  0.5000000.
Number of subphases in Phase 2 is 4.

Initial parameter values are 
  0.1  Rate parameter                         4.6960
  0.2  Rate parameter                         4.3288
  1. eval:  outdegree (density)                            -1.4677
  2. eval:  reciprocity                                     0.0000


Observed values of target statistics are
  1. Number of ties                                                     238.0000
  2. Number of reciprocated ties                                        160.0000

 2 parameters, 2 statistics

Estimation of derivatives by the LR method (type 1).


@2
End of stochastic approximation algorithm, phase 3.
---------------------------------------------------

Total of 1853 iterations.
Parameter estimates based on 853 iterations,
basic rate parameters as well as 
convergence diagnostics, covariance and derivative matrices based on 1000 iterations.

Information for convergence diagnosis.
Averages, standard deviations, and t-ratios for deviations from targets:
  1.  -0.8180  14.4277  -0.0567 
  2.   0.1740  14.0828   0.0124 

Good convergence is indicated by the t-ratios being close to zero.

Overall maximum convergence ratio =  0.1246 .



@2
Estimation Results.
-------------------

Regular end of estimation algorithm.
Total of 1853 iteration steps.


@3
Estimates and standard errors
                             
Rate parameters:
 0.1  Rate parameter period 1     5.8394  (   0.9089)
 0.2  Rate parameter period 2     4.5201  (   0.6719)

Other parameters:
 1. eval:  outdegree (density)                                    -2.3923  (   0.1043)
 2. eval:  reciprocity                                             2.8765  (   0.2009)


@3
Covariance matrices
                   
Covariance matrix of estimates (correlations below diagonal):
     0.011     -0.016
    -0.784      0.040

Derivative matrix of expected statistics X by parameters and
covariance/correlation matrix of X can be found using
summary(ans) within R, or by using the 'verbose' option in Siena07.
 
Total computation time 14.5 seconds.


-----------------------------------
New Analysis started.
Date and time: 27/01/2017 13:51:27
New results follow.
-----------------------------------

RSiena version 1.1-304 (14 Oct 16) R-forge revision: 304 


@1
Estimation by stochastic approximation algorithm.
=================================================

Random initialization of random number stream.
Current random number seed is 330486.
Effects object used: myeffalt1 
Model Type 1: Standard actor-oriented model
Estimation method: conditional moment estimation
Conditioning variable is the total number of observed changes ("distance") 
in the network variable.
Distances for simulations are
period   :   1   2
distance :  115 106.
Standard errors are estimated with the likelihood ratio method.
Dolby method (regression on scores) is used.
Initial value of gain parameter is  0.2000000.
Reduction factor for gain parameter is  0.5000000.
Number of subphases in Phase 2 is 4.

Initial parameter values are 
  0.1  Rate parameter                         4.6960
  0.2  Rate parameter                         4.3288
  1. eval:  outdegree (density)                            -1.4677
  2. eval:  reciprocity                                     0.0000
  3. eval:  transitive triplets                             0.0000


Observed values of target statistics are
  1. Number of ties                                                     238.0000
  2. Number of reciprocated ties                                        160.0000
  3. Number of transitive triplets                                      225.0000

 3 parameters, 3 statistics

Estimation of derivatives by the LR method (type 1).


@2
End of stochastic approximation algorithm, phase 3.
---------------------------------------------------

Total of 1737 iterations.
Parameter estimates based on 737 iterations,
basic rate parameters as well as 
convergence diagnostics, covariance and derivative matrices based on 1000 iterations.

Information for convergence diagnosis.
Averages, standard deviations, and t-ratios for deviations from targets:
  1.  -0.7560  22.7257  -0.0333 
  2.  -0.2080  20.8956  -0.0100 
  3.  -0.9310  64.8309  -0.0144 

Good convergence is indicated by the t-ratios being close to zero.

Overall maximum convergence ratio =  0.0689 .



@2
Estimation Results.
-------------------

Regular end of estimation algorithm.
Total of 1737 iteration steps.


@3
Estimates and standard errors
                             
Rate parameters:
 0.1  Rate parameter period 1     6.4624  (   1.0690)
 0.2  Rate parameter period 2     5.2978  (   0.8851)

Other parameters:
 1. eval:  outdegree (density)                                    -2.6879  (   0.1167)
 2. eval:  reciprocity                                             2.4679  (   0.2014)
 3. eval:  transitive triplets                                     0.6244  (   0.0752)


@3
Covariance matrices
                   
Covariance matrix of estimates (correlations below diagonal):
     0.014     -0.014     -0.004
    -0.605      0.041     -0.003
    -0.399     -0.190      0.006

Derivative matrix of expected statistics X by parameters and
covariance/correlation matrix of X can be found using
summary(ans) within R, or by using the 'verbose' option in Siena07.
 
Total computation time 17.2 seconds.
